<?xml version="1.0" encoding="UTF-8"?>
<coverage generated="1778248042516" clover="3.2.0">
  <project timestamp="1778248042516" name="All files">
    <metrics statements="23" coveredstatements="23" conditionals="10" coveredconditionals="10" methods="6" coveredmethods="6" elements="39" coveredelements="39" complexity="0" loc="23" ncloc="23" packages="1" files="1" classes="1"/>
    <file name="payroll.js" path="F:\Projet\Qualimetrie\smarthr-api\payroll.js">
      <metrics statements="23" coveredstatements="23" conditionals="10" coveredconditionals="10" methods="6" coveredmethods="6"/>
      <line num="2" count="10" type="stmt"/>
      <line num="4" count="1" type="stmt"/>
      <line num="5" count="10" type="cond" truecount="2" falsecount="0"/>
      <line num="6" count="1" type="stmt"/>
      <line num="9" count="1" type="stmt"/>
      <line num="10" count="10" type="cond" truecount="2" falsecount="0"/>
      <line num="11" count="1" type="stmt"/>
      <line num="14" count="1" type="stmt"/>
      <line num="15" count="10" type="cond" truecount="2" falsecount="0"/>
      <line num="18" count="1" type="stmt"/>
      <line num="19" count="10" type="cond" truecount="2" falsecount="0"/>
      <line num="20" count="2" type="cond" truecount="2" falsecount="0"/>
      <line num="21" count="1" type="stmt"/>
      <line num="24" count="1" type="stmt"/>
      <line num="25" count="10" type="stmt"/>
      <line num="26" count="10" type="stmt"/>
      <line num="28" count="10" type="stmt"/>
      <line num="29" count="10" type="stmt"/>
      <line num="30" count="10" type="stmt"/>
      <line num="31" count="10" type="stmt"/>
      <line num="33" count="10" type="stmt"/>
      <line num="35" count="10" type="stmt"/>
      <line num="48" count="1" type="stmt"/>
    </file>
  </project>
</coverage>
