{"F:\\Projet\\Qualimetrie\\smarthr-api\\payroll.js": {"path":"F:\\Projet\\Qualimetrie\\smarthr-api\\payroll.js","statementMap":{"0":{"start":{"line":2,"column":22},"end":{"line":2,"column":46}},"1":{"start":{"line":2,"column":34},"end":{"line":2,"column":46}},"2":{"start":{"line":4,"column":29},"end":{"line":7,"column":1}},"3":{"start":{"line":5,"column":4},"end":{"line":5,"column":41}},"4":{"start":{"line":5,"column":21},"end":{"line":5,"column":41}},"5":{"start":{"line":6,"column":4},"end":{"line":6,"column":51}},"6":{"start":{"line":9,"column":34},"end":{"line":12,"column":1}},"7":{"start":{"line":10,"column":4},"end":{"line":10,"column":28}},"8":{"start":{"line":10,"column":19},"end":{"line":10,"column":28}},"9":{"start":{"line":11,"column":4},"end":{"line":11,"column":32}},"10":{"start":{"line":14,"column":30},"end":{"line":16,"column":1}},"11":{"start":{"line":15,"column":4},"end":{"line":15,"column":41}},"12":{"start":{"line":18,"column":34},"end":{"line":22,"column":1}},"13":{"start":{"line":19,"column":4},"end":{"line":19,"column":30}},"14":{"start":{"line":19,"column":21},"end":{"line":19,"column":30}},"15":{"start":{"line":20,"column":4},"end":{"line":20,"column":38}},"16":{"start":{"line":20,"column":29},"end":{"line":20,"column":38}},"17":{"start":{"line":21,"column":4},"end":{"line":21,"column":24}},"18":{"start":{"line":24,"column":25},"end":{"line":46,"column":1}},"19":{"start":{"line":25,"column":91},"end":{"line":25,"column":95}},"20":{"start":{"line":26,"column":25},"end":{"line":26,"column":52}},"21":{"start":{"line":28,"column":31},"end":{"line":28,"column":77}},"22":{"start":{"line":29,"column":30},"end":{"line":29,"column":84}},"23":{"start":{"line":30,"column":26},"end":{"line":30,"column":54}},"24":{"start":{"line":31,"column":30},"end":{"line":31,"column":97}},"25":{"start":{"line":33,"column":26},"end":{"line":33,"column":115}},"26":{"start":{"line":35,"column":4},"end":{"line":45,"column":6}},"27":{"start":{"line":48,"column":0},"end":{"line":48,"column":152}}},"fnMap":{"0":{"name":"(anonymous_0)","decl":{"start":{"line":2,"column":22},"end":{"line":2,"column":23}},"loc":{"start":{"line":2,"column":34},"end":{"line":2,"column":46}},"line":2},"1":{"name":"(anonymous_1)","decl":{"start":{"line":4,"column":29},"end":{"line":4,"column":30}},"loc":{"start":{"line":4,"column":46},"end":{"line":7,"column":1}},"line":4},"2":{"name":"(anonymous_2)","decl":{"start":{"line":9,"column":34},"end":{"line":9,"column":35}},"loc":{"start":{"line":9,"column":52},"end":{"line":12,"column":1}},"line":9},"3":{"name":"(anonymous_3)","decl":{"start":{"line":14,"column":30},"end":{"line":14,"column":31}},"loc":{"start":{"line":14,"column":41},"end":{"line":16,"column":1}},"line":14},"4":{"name":"(anonymous_4)","decl":{"start":{"line":18,"column":34},"end":{"line":18,"column":35}},"loc":{"start":{"line":18,"column":74},"end":{"line":22,"column":1}},"line":18},"5":{"name":"(anonymous_5)","decl":{"start":{"line":24,"column":25},"end":{"line":24,"column":26}},"loc":{"start":{"line":24,"column":35},"end":{"line":46,"column":1}},"line":24}},"branchMap":{"0":{"loc":{"start":{"line":5,"column":4},"end":{"line":5,"column":41}},"type":"if","locations":[{"start":{"line":5,"column":4},"end":{"line":5,"column":41}},{"start":{},"end":{}}],"line":5},"1":{"loc":{"start":{"line":10,"column":4},"end":{"line":10,"column":28}},"type":"if","locations":[{"start":{"line":10,"column":4},"end":{"line":10,"column":28}},{"start":{},"end":{}}],"line":10},"2":{"loc":{"start":{"line":15,"column":11},"end":{"line":15,"column":40}},"type":"cond-expr","locations":[{"start":{"line":15,"column":33},"end":{"line":15,"column":36}},{"start":{"line":15,"column":39},"end":{"line":15,"column":40}}],"line":15},"3":{"loc":{"start":{"line":19,"column":4},"end":{"line":19,"column":30}},"type":"if","locations":[{"start":{"line":19,"column":4},"end":{"line":19,"column":30}},{"start":{},"end":{}}],"line":19},"4":{"loc":{"start":{"line":20,"column":4},"end":{"line":20,"column":38}},"type":"if","locations":[{"start":{"line":20,"column":4},"end":{"line":20,"column":38}},{"start":{},"end":{}}],"line":20}},"s":{"0":1,"1":10,"2":1,"3":10,"4":9,"5":1,"6":1,"7":10,"8":9,"9":1,"10":1,"11":10,"12":1,"13":10,"14":8,"15":2,"16":1,"17":1,"18":1,"19":10,"20":10,"21":10,"22":10,"23":10,"24":10,"25":10,"26":10,"27":1},"f":{"0":10,"1":10,"2":10,"3":10,"4":10,"5":10},"b":{"0":[9,1],"1":[9,1],"2":[1,9],"3":[8,2],"4":[1,1]},"_coverageSchema":"1a1c01bbd47fc00a2c39e90264f33305004495a9","hash":"f42ad52e78f405097d8c95d315ba4d0e267c8216"}
}
