TN:
SF:payroll.js
FN:2,(anonymous_0)
FN:4,(anonymous_1)
FN:9,(anonymous_2)
FN:14,(anonymous_3)
FN:18,(anonymous_4)
FN:24,(anonymous_5)
FNF:6
FNH:6
FNDA:10,(anonymous_0)
FNDA:10,(anonymous_1)
FNDA:10,(anonymous_2)
FNDA:10,(anonymous_3)
FNDA:10,(anonymous_4)
FNDA:10,(anonymous_5)
DA:2,10
DA:4,1
DA:5,10
DA:6,1
DA:9,1
DA:10,10
DA:11,1
DA:14,1
DA:15,10
DA:18,1
DA:19,10
DA:20,2
DA:21,1
DA:24,1
DA:25,10
DA:26,10
DA:28,10
DA:29,10
DA:30,10
DA:31,10
DA:33,10
DA:35,10
DA:48,1
LF:23
LH:23
BRDA:5,0,0,9
BRDA:5,0,1,1
BRDA:10,1,0,9
BRDA:10,1,1,1
BRDA:15,2,0,1
BRDA:15,2,1,9
BRDA:19,3,0,8
BRDA:19,3,1,2
BRDA:20,4,0,1
BRDA:20,4,1,1
BRF:10
BRH:10
end_of_record
